2024-08-05T02:41:50.472Z - Error: Not authorized
    at AuthMiddleware.<anonymous> (/Users/alan.lima/Documents/projects/pet-wish/pet-wish-api/src/modules/auth/presentation/middlewares/auth-middleware.ts:33:13)
    at Generator.next (<anonymous>)
    at /Users/alan.lima/Documents/projects/pet-wish/pet-wish-api/src/modules/auth/presentation/middlewares/auth-middleware.ts:8:71
    at new Promise (<anonymous>)
    at __awaiter (/Users/alan.lima/Documents/projects/pet-wish/pet-wish-api/src/modules/auth/presentation/middlewares/auth-middleware.ts:4:12)
    at AuthMiddleware.handle (/Users/alan.lima/Documents/projects/pet-wish/pet-wish-api/src/modules/auth/presentation/middlewares/auth-middleware.ts:40:16)
    at /Users/alan.lima/Documents/projects/pet-wish/pet-wish-api/src/modules/common/adapters/express-middleware-adapter.ts:11:43
    at Generator.next (<anonymous>)
    at /Users/alan.lima/Documents/projects/pet-wish/pet-wish-api/src/modules/common/adapters/express-middleware-adapter.ts:8:71
    at new Promise (<anonymous>)
2024-08-05T02:52:27.498Z - Error: Invalid credentials
    at SignInUseCase.<anonymous> (/Users/alan.lima/Documents/projects/pet-wish/pet-wish-api/src/modules/auth/application/use-case/sign-in-use-case.ts:11:22)
    at Generator.next (<anonymous>)
    at fulfilled (/Users/alan.lima/Documents/projects/pet-wish/pet-wish-api/src/modules/auth/application/use-case/sign-in-use-case.ts:5:58)
    at processTicksAndRejections (node:internal/process/task_queues:95:5)
2024-08-05T02:52:35.394Z - Error: Invalid credentials
    at SignInUseCase.<anonymous> (/Users/alan.lima/Documents/projects/pet-wish/pet-wish-api/src/modules/auth/application/use-case/sign-in-use-case.ts:11:22)
    at Generator.next (<anonymous>)
    at fulfilled (/Users/alan.lima/Documents/projects/pet-wish/pet-wish-api/src/modules/auth/application/use-case/sign-in-use-case.ts:5:58)
    at processTicksAndRejections (node:internal/process/task_queues:95:5)
2024-08-05T02:52:38.507Z - Error: Invalid credentials
    at SignInUseCase.<anonymous> (/Users/alan.lima/Documents/projects/pet-wish/pet-wish-api/src/modules/auth/application/use-case/sign-in-use-case.ts:11:22)
    at Generator.next (<anonymous>)
    at fulfilled (/Users/alan.lima/Documents/projects/pet-wish/pet-wish-api/src/modules/auth/application/use-case/sign-in-use-case.ts:5:58)
    at processTicksAndRejections (node:internal/process/task_queues:95:5)
